SF:lib\Models\AlarmSettings.dart
DA:24,5
DA:41,1
DA:55,1
DA:56,1
DA:57,1
DA:58,1
DA:59,1
DA:60,1
DA:61,1
DA:62,1
DA:63,1
DA:64,1
DA:65,1
DA:66,1
DA:67,1
DA:68,1
DA:72,0
DA:73,0
DA:74,0
DA:75,0
DA:76,0
DA:77,0
DA:78,0
DA:79,0
DA:80,0
DA:81,0
DA:82,0
DA:83,0
DA:84,0
DA:85,0
DA:88,0
DA:89,0
DA:90,0
DA:91,0
DA:92,0
DA:93,0
DA:94,0
DA:95,0
DA:96,0
DA:97,0
DA:98,0
DA:99,0
DA:100,0
DA:101,0
LF:44
LH:16
end_of_record
SF:lib\Screens\AlarmEdit.dart
DA:73,0
DA:74,0
DA:76,0
DA:80,0
DA:81,0
DA:82,0
DA:96,2
DA:99,0
DA:100,0
DA:101,0
DA:102,0
DA:103,0
DA:107,0
DA:109,0
DA:111,0
DA:112,0
DA:116,0
DA:117,0
DA:118,0
DA:122,4
DA:124,2
DA:125,2
DA:126,2
DA:127,1
DA:129,1
DA:131,1
DA:133,1
DA:135,1
DA:136,1
DA:137,0
DA:138,1
DA:141,1
DA:143,1
DA:144,1
DA:146,2
DA:147,0
DA:148,0
DA:150,1
DA:151,1
DA:155,1
DA:156,0
DA:157,0
DA:159,1
DA:165,1
DA:166,1
DA:169,1
DA:170,1
DA:173,1
DA:175,1
DA:176,8
DA:179,1
DA:180,1
DA:181,1
DA:182,1
DA:187,1
DA:189,1
DA:190,3
DA:194,1
DA:195,1
DA:196,1
DA:197,2
DA:198,1
DA:199,2
DA:203,0
DA:204,2
DA:205,1
DA:206,2
DA:211,0
DA:212,0
DA:226,1
DA:228,1
DA:229,2
DA:230,1
DA:231,2
DA:232,0
DA:233,0
DA:237,1
DA:239,1
DA:240,2
DA:241,1
DA:242,2
DA:243,0
DA:246,1
DA:248,1
DA:249,2
DA:250,1
DA:251,2
DA:252,0
DA:255,1
DA:257,1
DA:258,1
DA:260,1
DA:261,1
DA:262,1
DA:264,1
DA:265,1
DA:266,1
DA:267,1
DA:269,1
DA:270,2
DA:271,1
DA:272,0
DA:273,0
DA:277,1
DA:279,1
DA:280,1
DA:281,1
DA:283,1
DA:284,2
DA:285,0
DA:286,0
DA:289,1
DA:291,2
DA:292,0
DA:294,0
DA:295,0
DA:296,0
DA:298,0
DA:302,0
DA:303,0
DA:304,0
DA:305,0
DA:306,0
DA:319,4
DA:320,0
DA:321,0
DA:323,2
LF:127
LH:81
end_of_record
SF:lib\Services\AlarmEditBloc.dart
DA:13,1
DA:23,1
DA:31,6
DA:32,5
DA:33,2
DA:34,2
DA:35,2
DA:39,1
DA:40,2
DA:42,2
DA:43,0
DA:45,3
DA:46,3
DA:48,2
DA:51,0
DA:52,0
DA:53,0
DA:55,0
DA:56,0
DA:69,0
DA:76,0
DA:77,0
DA:78,0
DA:79,0
DA:83,0
DA:84,0
DA:85,0
DA:89,0
DA:90,0
LF:29
LH:13
end_of_record
SF:lib\Services\AlarmService.dart
DA:14,0
DA:15,0
DA:19,0
DA:20,0
DA:21,0
DA:27,0
DA:28,0
DA:29,0
DA:30,0
DA:36,0
DA:39,0
DA:41,0
DA:43,0
DA:44,0
DA:48,0
DA:49,0
DA:50,0
DA:52,0
DA:53,0
DA:54,0
DA:58,0
DA:59,0
DA:64,0
DA:65,0
DA:66,0
DA:67,0
DA:69,0
DA:72,0
DA:73,0
DA:74,0
DA:77,0
DA:78,0
DA:79,0
DA:80,0
DA:81,0
DA:82,0
DA:83,0
DA:84,0
DA:87,0
DA:88,0
DA:89,0
DA:91,0
DA:94,0
DA:95,0
DA:96,0
DA:98,0
DA:99,0
DA:100,0
DA:101,0
DA:104,0
DA:105,0
DA:106,0
DA:108,0
DA:111,0
DA:112,0
DA:113,0
DA:114,0
DA:115,0
DA:116,0
DA:118,0
DA:119,0
DA:120,0
DA:123,0
DA:128,0
DA:129,0
DA:130,0
DA:135,0
DA:136,0
DA:140,0
DA:141,0
DA:142,0
DA:143,0
DA:144,0
DA:145,0
DA:146,0
DA:153,0
DA:154,0
DA:155,0
DA:156,0
DA:160,0
DA:162,0
DA:163,0
DA:164,0
DA:165,0
DA:168,0
DA:171,0
DA:172,0
DA:173,0
DA:175,0
DA:176,0
DA:177,0
DA:178,0
DA:179,0
LF:93
LH:0
end_of_record
SF:lib\Services\AuthService.dart
DA:5,0
DA:10,0
DA:16,0
DA:17,0
DA:20,0
DA:24,0
DA:28,0
DA:32,0
DA:37,0
DA:39,0
DA:40,0
DA:42,0
DA:46,0
DA:49,0
DA:53,0
DA:55,0
DA:56,0
DA:60,0
DA:64,0
DA:65,0
DA:66,0
DA:67,0
DA:68,0
DA:69,0
DA:71,0
DA:74,0
DA:75,0
LF:27
LH:0
end_of_record
SF:lib\Services\AlarmListBloc.dart
DA:12,0
DA:27,2
DA:34,12
DA:35,8
DA:36,4
DA:40,0
DA:41,0
DA:44,2
DA:48,4
DA:49,2
DA:50,4
DA:51,6
DA:52,2
DA:53,6
DA:54,4
DA:57,2
DA:58,2
DA:59,3
DA:60,1
LF:19
LH:16
end_of_record
SF:lib\localVariables\AlarmMusic.dart
DA:4,3
DA:5,1
DA:7,1
DA:9,1
DA:11,1
DA:13,1
DA:15,1
DA:17,1
DA:19,1
DA:21,1
DA:23,1
DA:27,0
DA:28,0
DA:29,0
DA:32,0
DA:34,0
LF:16
LH:11
end_of_record
SF:lib\widgets\WeekdaysPicker.dart
DA:8,2
DA:12,2
DA:14,2
DA:15,2
DA:21,2
DA:23,2
DA:24,8
DA:27,2
DA:29,2
DA:31,4
DA:32,2
DA:33,6
DA:36,2
DA:37,1
DA:38,2
DA:39,3
DA:40,2
DA:42,4
DA:44,2
DA:45,2
DA:48,2
DA:52,2
DA:53,2
DA:54,2
DA:55,2
DA:66,2
DA:70,2
DA:72,2
DA:74,2
DA:76,2
DA:78,2
DA:80,2
DA:82,2
LF:33
LH:33
end_of_record
SF:lib\Screens\AlarmRinging.dart
DA:11,2
DA:16,2
DA:17,2
DA:25,2
DA:26,2
DA:27,4
DA:28,0
DA:29,0
DA:30,0
DA:34,0
DA:37,0
DA:43,0
DA:44,0
DA:45,0
DA:46,0
DA:52,2
DA:55,2
DA:56,12
DA:57,4
DA:58,2
DA:61,2
DA:62,2
DA:63,2
DA:65,2
DA:66,2
DA:67,10
DA:68,6
DA:71,2
DA:73,2
DA:85,2
DA:91,2
DA:93,2
LF:32
LH:23
end_of_record
SF:lib\Screens\AlarmsList.dart
DA:15,2
DA:18,0
DA:19,0
DA:20,0
DA:25,0
DA:26,0
DA:28,0
DA:31,6
DA:32,4
DA:33,2
DA:34,4
DA:35,1
DA:36,2
DA:37,1
DA:39,1
DA:40,1
DA:41,5
DA:42,1
DA:43,3
DA:44,3
DA:45,1
DA:46,0
DA:47,0
DA:48,0
DA:49,0
DA:56,1
DA:57,1
DA:60,1
DA:61,1
DA:62,1
DA:67,0
LF:31
LH:20
end_of_record
SF:lib\widgets\AlarmTile.dart
DA:4,3
DA:15,3
DA:17,3
DA:18,3
DA:19,3
DA:22,3
DA:32,3
DA:33,3
DA:34,3
DA:35,3
DA:38,3
DA:40,3
DA:41,3
DA:42,3
LF:14
LH:14
end_of_record
SF:lib\Screens\Home.dart
DA:38,2
DA:40,4
DA:41,2
DA:42,2
DA:45,2
DA:46,2
DA:48,4
DA:50,2
DA:53,2
DA:54,0
DA:60,4
DA:63,1
DA:64,1
DA:66,2
DA:68,2
DA:79,0
DA:81,0
DA:83,0
DA:88,0
DA:89,0
DA:91,0
DA:92,0
LF:22
LH:14
end_of_record
SF:lib\Services\AlarmFirestore.dart
DA:8,0
DA:10,0
DA:11,0
DA:12,0
DA:14,0
DA:15,0
DA:16,0
DA:17,0
DA:18,0
DA:19,0
DA:23,0
DA:24,0
DA:28,0
DA:29,0
DA:30,0
DA:31,0
DA:32,0
DA:33,0
DA:34,0
DA:35,0
DA:36,0
DA:39,0
DA:43,0
DA:49,0
DA:50,0
DA:52,0
DA:54,0
DA:55,0
DA:56,0
DA:57,0
DA:58,0
DA:59,0
DA:60,0
DA:61,0
DA:62,0
DA:64,0
DA:68,0
DA:74,0
DA:76,0
DA:78,0
DA:79,0
DA:80,0
DA:82,0
DA:83,0
DA:85,0
DA:86,0
LF:46
LH:0
end_of_record
SF:lib\widgets\LoginButton.dart
DA:10,2
DA:12,0
DA:13,0
DA:14,0
DA:18,2
DA:19,2
LF:6
LH:3
end_of_record
SF:lib\Services\AlarmPermissions.dart
DA:5,0
DA:6,0
DA:7,0
DA:8,0
DA:9,0
DA:10,0
DA:11,0
DA:16,0
DA:17,0
DA:18,0
DA:19,0
DA:20,0
DA:21,0
DA:22,0
DA:27,0
DA:28,0
DA:29,0
DA:30,0
DA:31,0
DA:32,0
DA:33,0
DA:34,0
LF:22
LH:0
end_of_record
SF:lib\Screens\Login.dart
DA:13,2
DA:14,6
DA:15,3
DA:17,2
DA:21,1
DA:22,3
DA:24,0
DA:26,0
DA:27,0
DA:28,0
DA:29,0
DA:30,0
DA:35,0
DA:36,0
DA:37,0
DA:38,0
DA:46,2
DA:48,4
DA:49,2
DA:50,2
DA:56,2
DA:58,2
DA:59,2
DA:60,2
DA:61,2
DA:62,2
DA:63,2
DA:64,2
DA:66,2
DA:71,2
DA:73,2
DA:75,2
DA:76,2
DA:77,2
DA:80,2
DA:88,2
DA:90,2
DA:91,2
DA:93,2
DA:95,2
DA:99,2
DA:100,4
DA:105,1
DA:106,2
DA:110,2
DA:111,2
DA:113,2
DA:114,2
DA:118,2
DA:119,6
DA:124,1
DA:125,2
DA:129,2
DA:130,2
DA:131,2
DA:133,2
DA:134,2
DA:135,2
DA:137,2
DA:140,2
DA:144,2
DA:145,1
DA:146,1
DA:147,3
DA:150,0
DA:153,2
DA:154,2
DA:157,2
DA:162,2
DA:163,0
DA:165,0
DA:166,0
DA:167,0
DA:169,0
DA:172,0
DA:173,0
DA:174,0
DA:176,0
DA:182,2
DA:188,2
DA:189,2
LF:81
LH:61
end_of_record
SF:lib\Services\LoginBloc.dart
DA:17,1
DA:23,2
DA:29,0
DA:31,0
DA:33,0
DA:39,2
DA:41,1
DA:42,3
DA:47,1
DA:49,0
DA:50,0
DA:58,6
DA:59,2
DA:60,9
DA:61,5
DA:62,2
DA:68,1
DA:69,4
DA:70,4
DA:72,1
DA:73,7
DA:74,1
DA:76,0
DA:79,3
DA:80,2
DA:81,3
DA:85,0
DA:86,0
DA:87,0
DA:90,1
DA:91,1
DA:92,3
DA:96,1
DA:97,1
DA:98,3
LF:35
LH:26
end_of_record
SF:lib\Screens\Profile.dart
DA:11,0
DA:13,0
DA:14,0
DA:15,0
DA:18,0
DA:19,0
DA:21,0
LF:7
LH:0
end_of_record
SF:lib\main.dart
DA:22,0
DA:23,0
DA:24,0
DA:26,0
DA:28,0
DA:29,0
DA:30,0
DA:33,0
DA:34,0
DA:35,0
DA:37,0
DA:38,0
DA:39,0
DA:40,0
DA:41,0
DA:43,0
DA:44,0
DA:46,0
DA:47,0
DA:50,0
DA:51,0
DA:55,0
DA:58,0
DA:68,0
DA:71,0
DA:72,0
DA:74,0
DA:75,0
DA:76,0
DA:81,0
DA:82,0
DA:83,0
DA:85,0
DA:86,0
DA:87,0
DA:89,0
LF:36
LH:0
end_of_record
SF:lib\firebase_options.dart
DA:18,0
DA:22,0
DA:23,0
DA:25,0
DA:27,0
DA:29,0
DA:31,0
DA:32,0
DA:37,0
LF:9
LH:0
end_of_record
